This file contains any messages produced by compilers while
running configure, to aid debugging if configure makes a mistake.

It was created by LibHTP configure 0.5.26, which was
generated by GNU Autoconf 2.69.  Invocation command line was

  $ ./configure --disable-option-checking --prefix=/usr/local --cache-file=/dev/null --srcdir=.

## --------- ##
## Platform. ##
## --------- ##

hostname = vm-desktop
uname -m = x86_64
uname -r = 4.13.0-38-generic
uname -s = Linux
uname -v = #43~16.04.1-Ubuntu SMP Wed Mar 14 17:48:43 UTC 2018

/usr/bin/uname -p = unknown
/bin/uname -X     = unknown

/bin/arch              = unknown
/usr/bin/arch -k       = unknown
/usr/convex/getsysinfo = unknown
/usr/bin/hostinfo      = unknown
/bin/machine           = unknown
/usr/bin/oslevel       = unknown
/bin/universe          = unknown

PATH: /usr/local/sbin
PATH: /usr/local/bin
PATH: /usr/sbin
PATH: /usr/bin
PATH: /sbin
PATH: /bin
PATH: /usr/games
PATH: /usr/local/games
PATH: /usr/local/Cavium_Networks/OCTEONTX-SDK/tools/bin
PATH: /usr/local/go/bin


## ----------- ##
## Core tests. ##
## ----------- ##

configure:2421: checking for a BSD-compatible install
configure:2489: result: /usr/bin/install -c
configure:2500: checking whether build environment is sane
configure:2555: result: yes
configure:2706: checking for a thread-safe mkdir -p
configure:2745: result: /bin/mkdir -p
configure:2752: checking for gawk
configure:2782: result: no
configure:2752: checking for mawk
configure:2768: found /usr/bin/mawk
configure:2779: result: mawk
configure:2790: checking whether make sets $(MAKE)
configure:2812: result: yes
configure:2841: checking whether make supports nested variables
configure:2858: result: yes
configure:3112: checking for gcc
configure:3128: found /usr/bin/gcc
configure:3139: result: gcc
configure:3368: checking for C compiler version
configure:3377: gcc --version >&5
gcc (Ubuntu 5.4.0-6ubuntu1~16.04.9) 5.4.0 20160609
Copyright (C) 2015 Free Software Foundation, Inc.
This is free software; see the source for copying conditions.  There is NO
warranty; not even for MERCHANTABILITY or FITNESS FOR A PARTICULAR PURPOSE.

configure:3388: $? = 0
configure:3377: gcc -v >&5
Using built-in specs.
COLLECT_GCC=gcc
COLLECT_LTO_WRAPPER=/usr/lib/gcc/x86_64-linux-gnu/5/lto-wrapper
Target: x86_64-linux-gnu
Configured with: ../src/configure -v --with-pkgversion='Ubuntu 5.4.0-6ubuntu1~16.04.9' --with-bugurl=file:///usr/share/doc/gcc-5/README.Bugs --enable-languages=c,ada,c++,java,go,d,fortran,objc,obj-c++ --prefix=/usr --program-suffix=-5 --enable-shared --enable-linker-build-id --libexecdir=/usr/lib --without-included-gettext --enable-threads=posix --libdir=/usr/lib --enable-nls --with-sysroot=/ --enable-clocale=gnu --enable-libstdcxx-debug --enable-libstdcxx-time=yes --with-default-libstdcxx-abi=new --enable-gnu-unique-object --disable-vtable-verify --enable-libmpx --enable-plugin --with-system-zlib --disable-browser-plugin --enable-java-awt=gtk --enable-gtk-cairo --with-java-home=/usr/lib/jvm/java-1.5.0-gcj-5-amd64/jre --enable-java-home --with-jvm-root-dir=/usr/lib/jvm/java-1.5.0-gcj-5-amd64 --with-jvm-jar-dir=/usr/lib/jvm-exports/java-1.5.0-gcj-5-amd64 --with-arch-directory=amd64 --with-ecj-jar=/usr/share/java/eclipse-ecj.jar --enable-objc-gc --enable-multiarch --disable-werror --with-arch-32=i686 --with-abi=m64 --with-multilib-list=m32,m64,mx32 --enable-multilib --with-tune=generic --enable-checking=release --build=x86_64-linux-gnu --host=x86_64-linux-gnu --target=x86_64-linux-gnu
Thread model: posix
gcc version 5.4.0 20160609 (Ubuntu 5.4.0-6ubuntu1~16.04.9) 
configure:3388: $? = 0
configure:3377: gcc -V >&5
gcc: error: unrecognized command line option '-V'
gcc: fatal error: no input files
compilation terminated.
configure:3388: $? = 1
configure:3377: gcc -qversion >&5
gcc: error: unrecognized command line option '-qversion'
gcc: fatal error: no input files
compilation terminated.
configure:3388: $? = 1
configure:3408: checking whether the C compiler works
configure:3430: gcc  -O2  -O2  conftest.c  >&5
configure:3434: $? = 0
configure:3482: result: yes
configure:3485: checking for C compiler default output file name
configure:3487: result: a.out
configure:3493: checking for suffix of executables
configure:3500: gcc -o conftest  -O2  -O2  conftest.c  >&5
configure:3504: $? = 0
configure:3526: result: 
configure:3548: checking whether we are cross compiling
configure:3556: gcc -o conftest  -O2  -O2  conftest.c  >&5
configure:3560: $? = 0
configure:3567: ./conftest
configure:3571: $? = 0
configure:3586: result: no
configure:3591: checking for suffix of object files
configure:3613: gcc -c  -O2  -O2 conftest.c >&5
configure:3617: $? = 0
configure:3638: result: o
configure:3642: checking whether we are using the GNU C compiler
configure:3661: gcc -c  -O2  -O2 conftest.c >&5
configure:3661: $? = 0
configure:3670: result: yes
configure:3679: checking whether gcc accepts -g
configure:3699: gcc -c -g  -O2 conftest.c >&5
configure:3699: $? = 0
configure:3740: result: yes
configure:3757: checking for gcc option to accept ISO C89
configure:3820: gcc  -c  -O2  -O2 conftest.c >&5
configure:3820: $? = 0
configure:3833: result: none needed
configure:3858: checking whether gcc understands -c and -o together
configure:3880: gcc -c conftest.c -o conftest2.o
configure:3883: $? = 0
configure:3880: gcc -c conftest.c -o conftest2.o
configure:3883: $? = 0
configure:3895: result: yes
configure:3923: checking for style of include used by make
configure:3951: result: GNU
configure:3977: checking dependency style of gcc
configure:4088: result: gcc3
configure:4162: checking for g++
configure:4178: found /usr/bin/g++
configure:4189: result: g++
configure:4216: checking for C++ compiler version
configure:4225: g++ --version >&5
g++ (Ubuntu 5.4.0-6ubuntu1~16.04.9) 5.4.0 20160609
Copyright (C) 2015 Free Software Foundation, Inc.
This is free software; see the source for copying conditions.  There is NO
warranty; not even for MERCHANTABILITY or FITNESS FOR A PARTICULAR PURPOSE.

configure:4236: $? = 0
configure:4225: g++ -v >&5
Using built-in specs.
COLLECT_GCC=g++
COLLECT_LTO_WRAPPER=/usr/lib/gcc/x86_64-linux-gnu/5/lto-wrapper
Target: x86_64-linux-gnu
Configured with: ../src/configure -v --with-pkgversion='Ubuntu 5.4.0-6ubuntu1~16.04.9' --with-bugurl=file:///usr/share/doc/gcc-5/README.Bugs --enable-languages=c,ada,c++,java,go,d,fortran,objc,obj-c++ --prefix=/usr --program-suffix=-5 --enable-shared --enable-linker-build-id --libexecdir=/usr/lib --without-included-gettext --enable-threads=posix --libdir=/usr/lib --enable-nls --with-sysroot=/ --enable-clocale=gnu --enable-libstdcxx-debug --enable-libstdcxx-time=yes --with-default-libstdcxx-abi=new --enable-gnu-unique-object --disable-vtable-verify --enable-libmpx --enable-plugin --with-system-zlib --disable-browser-plugin --enable-java-awt=gtk --enable-gtk-cairo --with-java-home=/usr/lib/jvm/java-1.5.0-gcj-5-amd64/jre --enable-java-home --with-jvm-root-dir=/usr/lib/jvm/java-1.5.0-gcj-5-amd64 --with-jvm-jar-dir=/usr/lib/jvm-exports/java-1.5.0-gcj-5-amd64 --with-arch-directory=amd64 --with-ecj-jar=/usr/share/java/eclipse-ecj.jar --enable-objc-gc --enable-multiarch --disable-werror --with-arch-32=i686 --with-abi=m64 --with-multilib-list=m32,m64,mx32 --enable-multilib --with-tune=generic --enable-checking=release --build=x86_64-linux-gnu --host=x86_64-linux-gnu --target=x86_64-linux-gnu
Thread model: posix
gcc version 5.4.0 20160609 (Ubuntu 5.4.0-6ubuntu1~16.04.9) 
configure:4236: $? = 0
configure:4225: g++ -V >&5
g++: error: unrecognized command line option '-V'
g++: fatal error: no input files
compilation terminated.
configure:4236: $? = 1
configure:4225: g++ -qversion >&5
g++: error: unrecognized command line option '-qversion'
g++: fatal error: no input files
compilation terminated.
configure:4236: $? = 1
configure:4240: checking whether we are using the GNU C++ compiler
configure:4259: g++ -c   -O2 conftest.cpp >&5
configure:4259: $? = 0
configure:4268: result: yes
configure:4277: checking whether g++ accepts -g
configure:4297: g++ -c -g  -O2 conftest.cpp >&5
configure:4297: $? = 0
configure:4338: result: yes
configure:4363: checking dependency style of g++
configure:4474: result: gcc3
configure:4518: checking build system type
configure:4532: result: x86_64-pc-linux-gnu
configure:4552: checking host system type
configure:4565: result: x86_64-pc-linux-gnu
configure:4606: checking how to print strings
configure:4633: result: printf
configure:4654: checking for a sed that does not truncate output
configure:4718: result: /bin/sed
configure:4736: checking for grep that handles long lines and -e
configure:4794: result: /bin/grep
configure:4799: checking for egrep
configure:4861: result: /bin/grep -E
configure:4866: checking for fgrep
configure:4928: result: /bin/grep -F
configure:4963: checking for ld used by gcc
configure:5030: result: /usr/bin/ld
configure:5037: checking if the linker (/usr/bin/ld) is GNU ld
configure:5052: result: yes
configure:5064: checking for BSD- or MS-compatible name lister (nm)
configure:5118: result: /usr/bin/nm -B
configure:5248: checking the name lister (/usr/bin/nm -B) interface
configure:5255: gcc -c  -O2  -O2 conftest.c >&5
configure:5258: /usr/bin/nm -B "conftest.o"
configure:5261: output
0000000000000000 B some_variable
configure:5268: result: BSD nm
configure:5271: checking whether ln -s works
configure:5275: result: yes
configure:5283: checking the maximum length of command line arguments
configure:5414: result: 1572864
configure:5462: checking how to convert x86_64-pc-linux-gnu file names to x86_64-pc-linux-gnu format
configure:5502: result: func_convert_file_noop
configure:5509: checking how to convert x86_64-pc-linux-gnu file names to toolchain format
configure:5529: result: func_convert_file_noop
configure:5536: checking for /usr/bin/ld option to reload object files
configure:5543: result: -r
configure:5617: checking for objdump
configure:5633: found /usr/bin/objdump
configure:5644: result: objdump
configure:5676: checking how to recognize dependent libraries
configure:5876: result: pass_all
configure:5961: checking for dlltool
configure:5991: result: no
configure:6021: checking how to associate runtime and link libraries
configure:6048: result: printf %s\n
configure:6109: checking for ar
configure:6125: found /usr/bin/ar
configure:6136: result: ar
configure:6173: checking for archiver @FILE support
configure:6190: gcc -c  -O2  -O2 conftest.c >&5
configure:6190: $? = 0
configure:6193: ar cru libconftest.a @conftest.lst >&5
ar: `u' modifier ignored since `D' is the default (see `U')
configure:6196: $? = 0
configure:6201: ar cru libconftest.a @conftest.lst >&5
ar: `u' modifier ignored since `D' is the default (see `U')
ar: conftest.o: No such file or directory
configure:6204: $? = 1
configure:6216: result: @
configure:6274: checking for strip
configure:6290: found /usr/bin/strip
configure:6301: result: strip
configure:6373: checking for ranlib
configure:6389: found /usr/bin/ranlib
configure:6400: result: ranlib
configure:6502: checking command to parse /usr/bin/nm -B output from gcc object
configure:6655: gcc -c  -O2  -O2 conftest.c >&5
configure:6658: $? = 0
configure:6662: /usr/bin/nm -B conftest.o \| sed -n -e 's/^.*[ ]\([ABCDGIRSTW][ABCDGIRSTW]*\)[ ][ ]*\([_A-Za-z][_A-Za-z0-9]*\)$/\1 \2 \2/p' | sed '/ __gnu_lto/d' \> conftest.nm
configure:6665: $? = 0
configure:6731: gcc -o conftest  -O2  -O2  conftest.c conftstm.o >&5
configure:6734: $? = 0
configure:6772: result: ok
configure:6819: checking for sysroot
configure:6849: result: no
configure:6856: checking for a working dd
configure:6894: result: /bin/dd
configure:6898: checking how to truncate binary pipes
configure:6913: result: /bin/dd bs=4096 count=1
configure:7049: gcc -c  -O2  -O2 conftest.c >&5
configure:7052: $? = 0
configure:7242: checking for mt
configure:7258: found /bin/mt
configure:7269: result: mt
configure:7292: checking if mt is a manifest tool
configure:7298: mt '-?'
configure:7306: result: no
configure:7983: checking how to run the C preprocessor
configure:8014: gcc -E  -O2 conftest.c
configure:8014: $? = 0
configure:8028: gcc -E  -O2 conftest.c
conftest.c:11:28: fatal error: ac_nonexistent.h: No such file or directory
compilation terminated.
configure:8028: $? = 1
configure: failed program was:
| /* confdefs.h */
| #define PACKAGE_NAME "LibHTP"
| #define PACKAGE_TARNAME "libhtp"
| #define PACKAGE_VERSION "0.5.26"
| #define PACKAGE_STRING "LibHTP 0.5.26"
| #define PACKAGE_BUGREPORT ""
| #define PACKAGE_URL ""
| #define PACKAGE "libhtp"
| #define VERSION "0.5.26"
| /* end confdefs.h.  */
| #include <ac_nonexistent.h>
configure:8053: result: gcc -E
configure:8073: gcc -E  -O2 conftest.c
configure:8073: $? = 0
configure:8087: gcc -E  -O2 conftest.c
conftest.c:11:28: fatal error: ac_nonexistent.h: No such file or directory
compilation terminated.
configure:8087: $? = 1
configure: failed program was:
| /* confdefs.h */
| #define PACKAGE_NAME "LibHTP"
| #define PACKAGE_TARNAME "libhtp"
| #define PACKAGE_VERSION "0.5.26"
| #define PACKAGE_STRING "LibHTP 0.5.26"
| #define PACKAGE_BUGREPORT ""
| #define PACKAGE_URL ""
| #define PACKAGE "libhtp"
| #define VERSION "0.5.26"
| /* end confdefs.h.  */
| #include <ac_nonexistent.h>
configure:8116: checking for ANSI C header files
configure:8136: gcc -c  -O2  -O2 conftest.c >&5
configure:8136: $? = 0
configure:8209: gcc -o conftest  -O2  -O2  conftest.c  >&5
configure:8209: $? = 0
configure:8209: ./conftest
configure:8209: $? = 0
configure:8220: result: yes
configure:8233: checking for sys/types.h
configure:8233: gcc -c  -O2  -O2 conftest.c >&5
configure:8233: $? = 0
configure:8233: result: yes
configure:8233: checking for sys/stat.h
configure:8233: gcc -c  -O2  -O2 conftest.c >&5
configure:8233: $? = 0
configure:8233: result: yes
configure:8233: checking for stdlib.h
configure:8233: gcc -c  -O2  -O2 conftest.c >&5
configure:8233: $? = 0
configure:8233: result: yes
configure:8233: checking for string.h
configure:8233: gcc -c  -O2  -O2 conftest.c >&5
configure:8233: $? = 0
configure:8233: result: yes
configure:8233: checking for memory.h
configure:8233: gcc -c  -O2  -O2 conftest.c >&5
configure:8233: $? = 0
configure:8233: result: yes
configure:8233: checking for strings.h
configure:8233: gcc -c  -O2  -O2 conftest.c >&5
configure:8233: $? = 0
configure:8233: result: yes
configure:8233: checking for inttypes.h
configure:8233: gcc -c  -O2  -O2 conftest.c >&5
configure:8233: $? = 0
configure:8233: result: yes
configure:8233: checking for stdint.h
configure:8233: gcc -c  -O2  -O2 conftest.c >&5
configure:8233: $? = 0
configure:8233: result: yes
configure:8233: checking for unistd.h
configure:8233: gcc -c  -O2  -O2 conftest.c >&5
configure:8233: $? = 0
configure:8233: result: yes
configure:8247: checking for dlfcn.h
configure:8247: gcc -c  -O2  -O2 conftest.c >&5
configure:8247: $? = 0
configure:8247: result: yes
configure:8514: checking for objdir
configure:8529: result: .libs
configure:8793: checking if gcc supports -fno-rtti -fno-exceptions
configure:8811: gcc -c  -O2  -O2 -fno-rtti -fno-exceptions conftest.c >&5
cc1: warning: command line option '-fno-rtti' is valid for C++/ObjC++ but not for C
configure:8815: $? = 0
configure:8828: result: no
configure:9186: checking for gcc option to produce PIC
configure:9193: result: -fPIC -DPIC
configure:9201: checking if gcc PIC flag -fPIC -DPIC works
configure:9219: gcc -c  -O2  -O2 -fPIC -DPIC -DPIC conftest.c >&5
configure:9223: $? = 0
configure:9236: result: yes
configure:9265: checking if gcc static flag -static works
configure:9293: result: yes
configure:9308: checking if gcc supports -c -o file.o
configure:9329: gcc -c  -O2  -O2 -o out/conftest2.o conftest.c >&5
configure:9333: $? = 0
configure:9355: result: yes
configure:9363: checking if gcc supports -c -o file.o
configure:9410: result: yes
configure:9443: checking whether the gcc linker (/usr/bin/ld -m elf_x86_64) supports shared libraries
configure:10706: result: yes
configure:10743: checking whether -lc should be explicitly linked in
configure:10751: gcc -c  -O2  -O2 conftest.c >&5
configure:10754: $? = 0
configure:10769: gcc -shared  -fPIC -DPIC conftest.o  -v -Wl,-soname -Wl,conftest -o conftest 2\>\&1 \| /bin/grep  -lc  \>/dev/null 2\>\&1
configure:10772: $? = 0
configure:10786: result: no
configure:10946: checking dynamic linker characteristics
configure:11527: gcc -o conftest  -O2  -O2  -Wl,-rpath -Wl,/foo conftest.c  >&5
configure:11527: $? = 0
configure:11776: result: GNU/Linux ld.so
configure:11898: checking how to hardcode library paths into programs
configure:11923: result: immediate
configure:12471: checking whether stripping libraries is possible
configure:12476: result: yes
configure:12511: checking if libtool supports shared libraries
configure:12513: result: yes
configure:12516: checking whether to build shared libraries
configure:12541: result: yes
configure:12544: checking whether to build static libraries
configure:12548: result: yes
configure:12571: checking how to run the C++ preprocessor
configure:12598: g++ -E  -O2 conftest.cpp
configure:12598: $? = 0
configure:12612: g++ -E  -O2 conftest.cpp
conftest.cpp:23:28: fatal error: ac_nonexistent.h: No such file or directory
compilation terminated.
configure:12612: $? = 1
configure: failed program was:
| /* confdefs.h */
| #define PACKAGE_NAME "LibHTP"
| #define PACKAGE_TARNAME "libhtp"
| #define PACKAGE_VERSION "0.5.26"
| #define PACKAGE_STRING "LibHTP 0.5.26"
| #define PACKAGE_BUGREPORT ""
| #define PACKAGE_URL ""
| #define PACKAGE "libhtp"
| #define VERSION "0.5.26"
| #define STDC_HEADERS 1
| #define HAVE_SYS_TYPES_H 1
| #define HAVE_SYS_STAT_H 1
| #define HAVE_STDLIB_H 1
| #define HAVE_STRING_H 1
| #define HAVE_MEMORY_H 1
| #define HAVE_STRINGS_H 1
| #define HAVE_INTTYPES_H 1
| #define HAVE_STDINT_H 1
| #define HAVE_UNISTD_H 1
| #define HAVE_DLFCN_H 1
| #define LT_OBJDIR ".libs/"
| /* end confdefs.h.  */
| #include <ac_nonexistent.h>
configure:12637: result: g++ -E
configure:12657: g++ -E  -O2 conftest.cpp
configure:12657: $? = 0
configure:12671: g++ -E  -O2 conftest.cpp
conftest.cpp:23:28: fatal error: ac_nonexistent.h: No such file or directory
compilation terminated.
configure:12671: $? = 1
configure: failed program was:
| /* confdefs.h */
| #define PACKAGE_NAME "LibHTP"
| #define PACKAGE_TARNAME "libhtp"
| #define PACKAGE_VERSION "0.5.26"
| #define PACKAGE_STRING "LibHTP 0.5.26"
| #define PACKAGE_BUGREPORT ""
| #define PACKAGE_URL ""
| #define PACKAGE "libhtp"
| #define VERSION "0.5.26"
| #define STDC_HEADERS 1
| #define HAVE_SYS_TYPES_H 1
| #define HAVE_SYS_STAT_H 1
| #define HAVE_STDLIB_H 1
| #define HAVE_STRING_H 1
| #define HAVE_MEMORY_H 1
| #define HAVE_STRINGS_H 1
| #define HAVE_INTTYPES_H 1
| #define HAVE_STDINT_H 1
| #define HAVE_UNISTD_H 1
| #define HAVE_DLFCN_H 1
| #define LT_OBJDIR ".libs/"
| /* end confdefs.h.  */
| #include <ac_nonexistent.h>
configure:12833: checking for ld used by g++
configure:12900: result: /usr/bin/ld -m elf_x86_64
configure:12907: checking if the linker (/usr/bin/ld -m elf_x86_64) is GNU ld
configure:12922: result: yes
configure:12977: checking whether the g++ linker (/usr/bin/ld -m elf_x86_64) supports shared libraries
configure:14050: result: yes
configure:14086: g++ -c -g -O2  -O2 conftest.cpp >&5
configure:14089: $? = 0
configure:14570: checking for g++ option to produce PIC
configure:14577: result: -fPIC -DPIC
configure:14585: checking if g++ PIC flag -fPIC -DPIC works
configure:14603: g++ -c -g -O2  -O2 -fPIC -DPIC -DPIC conftest.cpp >&5
configure:14607: $? = 0
configure:14620: result: yes
configure:14643: checking if g++ static flag -static works
configure:14671: result: yes
configure:14683: checking if g++ supports -c -o file.o
configure:14704: g++ -c -g -O2  -O2 -o out/conftest2.o conftest.cpp >&5
configure:14708: $? = 0
configure:14730: result: yes
configure:14735: checking if g++ supports -c -o file.o
configure:14782: result: yes
configure:14812: checking whether the g++ linker (/usr/bin/ld -m elf_x86_64) supports shared libraries
configure:14855: result: yes
configure:14996: checking dynamic linker characteristics
configure:15753: result: GNU/Linux ld.so
configure:15818: checking how to hardcode library paths into programs
configure:15843: result: immediate
configure:15904: checking whether build environment is sane
configure:15959: result: yes
configure:15979: checking for strlcpy
configure:15979: gcc -o conftest   -O2  conftest.c  >&5
/tmp/ccIsMtXG.o: In function `main':
conftest.c:(.text.startup+0x7): undefined reference to `strlcpy'
collect2: error: ld returned 1 exit status
configure:15979: $? = 1
configure: failed program was:
| /* confdefs.h */
| #define PACKAGE_NAME "LibHTP"
| #define PACKAGE_TARNAME "libhtp"
| #define PACKAGE_VERSION "0.5.26"
| #define PACKAGE_STRING "LibHTP 0.5.26"
| #define PACKAGE_BUGREPORT ""
| #define PACKAGE_URL ""
| #define PACKAGE "libhtp"
| #define VERSION "0.5.26"
| #define STDC_HEADERS 1
| #define HAVE_SYS_TYPES_H 1
| #define HAVE_SYS_STAT_H 1
| #define HAVE_STDLIB_H 1
| #define HAVE_STRING_H 1
| #define HAVE_MEMORY_H 1
| #define HAVE_STRINGS_H 1
| #define HAVE_INTTYPES_H 1
| #define HAVE_STDINT_H 1
| #define HAVE_UNISTD_H 1
| #define HAVE_DLFCN_H 1
| #define LT_OBJDIR ".libs/"
| /* end confdefs.h.  */
| /* Define strlcpy to an innocuous variant, in case <limits.h> declares strlcpy.
|    For example, HP-UX 11i <limits.h> declares gettimeofday.  */
| #define strlcpy innocuous_strlcpy
| 
| /* System header to define __stub macros and hopefully few prototypes,
|     which can conflict with char strlcpy (); below.
|     Prefer <limits.h> to <assert.h> if __STDC__ is defined, since
|     <limits.h> exists even on freestanding compilers.  */
| 
| #ifdef __STDC__
| # include <limits.h>
| #else
| # include <assert.h>
| #endif
| 
| #undef strlcpy
| 
| /* Override any GCC internal prototype to avoid an error.
|    Use char because int might match the return type of a GCC
|    builtin and then its argument prototype would still apply.  */
| #ifdef __cplusplus
| extern "C"
| #endif
| char strlcpy ();
| /* The GNU C library defines this for functions which it implements
|     to always fail with ENOSYS.  Some functions are actually named
|     something starting with __ and the normal name is an alias.  */
| #if defined __stub_strlcpy || defined __stub___strlcpy
| choke me
| #endif
| 
| int
| main ()
| {
| return strlcpy ();
|   ;
|   return 0;
| }
configure:15979: result: no
configure:15979: checking for strlcat
configure:15979: gcc -o conftest   -O2  conftest.c  >&5
/tmp/ccARwtZI.o: In function `main':
conftest.c:(.text.startup+0x7): undefined reference to `strlcat'
collect2: error: ld returned 1 exit status
configure:15979: $? = 1
configure: failed program was:
| /* confdefs.h */
| #define PACKAGE_NAME "LibHTP"
| #define PACKAGE_TARNAME "libhtp"
| #define PACKAGE_VERSION "0.5.26"
| #define PACKAGE_STRING "LibHTP 0.5.26"
| #define PACKAGE_BUGREPORT ""
| #define PACKAGE_URL ""
| #define PACKAGE "libhtp"
| #define VERSION "0.5.26"
| #define STDC_HEADERS 1
| #define HAVE_SYS_TYPES_H 1
| #define HAVE_SYS_STAT_H 1
| #define HAVE_STDLIB_H 1
| #define HAVE_STRING_H 1
| #define HAVE_MEMORY_H 1
| #define HAVE_STRINGS_H 1
| #define HAVE_INTTYPES_H 1
| #define HAVE_STDINT_H 1
| #define HAVE_UNISTD_H 1
| #define HAVE_DLFCN_H 1
| #define LT_OBJDIR ".libs/"
| /* end confdefs.h.  */
| /* Define strlcat to an innocuous variant, in case <limits.h> declares strlcat.
|    For example, HP-UX 11i <limits.h> declares gettimeofday.  */
| #define strlcat innocuous_strlcat
| 
| /* System header to define __stub macros and hopefully few prototypes,
|     which can conflict with char strlcat (); below.
|     Prefer <limits.h> to <assert.h> if __STDC__ is defined, since
|     <limits.h> exists even on freestanding compilers.  */
| 
| #ifdef __STDC__
| # include <limits.h>
| #else
| # include <assert.h>
| #endif
| 
| #undef strlcat
| 
| /* Override any GCC internal prototype to avoid an error.
|    Use char because int might match the return type of a GCC
|    builtin and then its argument prototype would still apply.  */
| #ifdef __cplusplus
| extern "C"
| #endif
| char strlcat ();
| /* The GNU C library defines this for functions which it implements
|     to always fail with ENOSYS.  Some functions are actually named
|     something starting with __ and the normal name is an alias.  */
| #if defined __stub_strlcat || defined __stub___strlcat
| choke me
| #endif
| 
| int
| main ()
| {
| return strlcat ();
|   ;
|   return 0;
| }
configure:15979: result: no
configure:15990: checking zlib.h usability
configure:15990: gcc -c  -O2  -O2 conftest.c >&5
configure:15990: $? = 0
configure:15990: result: yes
configure:15990: checking zlib.h presence
configure:15990: gcc -E  -O2 conftest.c
configure:15990: $? = 0
configure:15990: result: yes
configure:15990: checking for zlib.h
configure:15990: result: yes
configure:15999: checking for inflate in -lz
configure:16024: gcc -o conftest  -O2  -O2  conftest.c -lz   >&5
configure:16024: $? = 0
configure:16033: result: yes
configure:16054: checking OS
configure:16085: result: Linux
configure:16184: checking for ld used by GCC
configure:16248: result: /usr/bin/ld -m elf_x86_64
configure:16255: checking if the linker (/usr/bin/ld -m elf_x86_64) is GNU ld
configure:16268: result: yes
configure:16275: checking for shared library run path origin
configure:16288: result: done
configure:16866: checking for iconv
configure:16888: gcc -o conftest  -O2  -O2  conftest.c -lz  >&5
configure:16888: $? = 0
configure:16920: result: yes
configure:16923: checking for working iconv
configure:17018: gcc -o conftest  -O2  -O2  conftest.c -lz  >&5
configure:17018: $? = 0
configure:17018: ./conftest
configure:17018: $? = 0
configure:17030: result: yes
configure:17058: checking for iconv declaration
configure:17087: gcc -c  -O2  -O2 conftest.c >&5
configure:17087: $? = 0
configure:17098: result:
         extern size_t iconv (iconv_t cd, char * *inbuf, size_t *inbytesleft, char * *outbuf, size_t *outbytesleft);
configure:17110: checking for gcc support of -Wstrict-overflow=1
configure:17125: gcc -c  -O2 -Wstrict-overflow=1  -O2 conftest.c >&5
configure:17125: $? = 0
configure:17131: result: yes
configure:17138: checking for gcc support of stack smashing protection
configure:17153: gcc -c  -O2 -Wstrict-overflow=1 -fstack-protector  -O2 conftest.c >&5
configure:17153: $? = 0
configure:17159: result: yes
configure:17166: checking for gcc support of FORTIFY_SOURCE
configure:17181: gcc -c  -O2 -Wstrict-overflow=1 -fstack-protector -D_FORTIFY_SOURCE=2  -O2 conftest.c >&5
configure:17181: $? = 0
configure:17187: result: yes
configure:17193: checking for gcc support of -Wformat -Wformat-security
configure:17208: gcc -c  -O2 -Wstrict-overflow=1 -fstack-protector -D_FORTIFY_SOURCE=2 -Wformat -Wformat-security  -O2 conftest.c >&5
configure:17208: $? = 0
configure:17214: result: yes
configure:17220: checking for gcc support of -fPIC
configure:17235: gcc -c  -O2 -Wstrict-overflow=1 -fstack-protector -D_FORTIFY_SOURCE=2 -Wformat -Wformat-security -fPIC  -O2 conftest.c >&5
configure:17235: $? = 0
configure:17241: result: yes
configure:17264: checking for doxygen
configure:17282: found /usr/bin/doxygen
configure:17294: result: /usr/bin/doxygen
configure:17312: checking for lcov
configure:17330: found /usr/bin/lcov
configure:17343: result: /usr/bin/lcov
configure:17467: checking that generated files are newer than configure
configure:17473: result: done
configure:17495: checking that generated files are newer than configure
configure:17501: result: done
configure:17508: creating ./config.status

## ---------------------- ##
## Running config.status. ##
## ---------------------- ##

This file was extended by LibHTP config.status 0.5.26, which was
generated by GNU Autoconf 2.69.  Invocation command line was

  CONFIG_FILES    = 
  CONFIG_HEADERS  = 
  CONFIG_LINKS    = 
  CONFIG_COMMANDS = 
  $ ./config.status 

on vm-desktop

config.status:1164: creating htp/htp_version.h
config.status:1164: creating Makefile
config.status:1164: creating htp.pc
config.status:1164: creating htp/Makefile
config.status:1164: creating test/Makefile
config.status:1164: creating docs/Makefile
config.status:1164: creating htp_config_auto_gen.h
config.status:1393: executing depfiles commands
config.status:1393: executing libtool commands

## ---------------- ##
## Cache variables. ##
## ---------------- ##

ac_cv_build=x86_64-pc-linux-gnu
ac_cv_c_compiler_gnu=yes
ac_cv_cxx_compiler_gnu=yes
ac_cv_env_CCC_set=
ac_cv_env_CCC_value=
ac_cv_env_CC_set=
ac_cv_env_CC_value=
ac_cv_env_CFLAGS_set=
ac_cv_env_CFLAGS_value=
ac_cv_env_CPPFLAGS_set=
ac_cv_env_CPPFLAGS_value=
ac_cv_env_CPP_set=
ac_cv_env_CPP_value=
ac_cv_env_CXXCPP_set=
ac_cv_env_CXXCPP_value=
ac_cv_env_CXXFLAGS_set=
ac_cv_env_CXXFLAGS_value=
ac_cv_env_CXX_set=
ac_cv_env_CXX_value=
ac_cv_env_LDFLAGS_set=
ac_cv_env_LDFLAGS_value=
ac_cv_env_LIBS_set=
ac_cv_env_LIBS_value=
ac_cv_env_LT_SYS_LIBRARY_PATH_set=
ac_cv_env_LT_SYS_LIBRARY_PATH_value=
ac_cv_env_build_alias_set=
ac_cv_env_build_alias_value=
ac_cv_env_host_alias_set=
ac_cv_env_host_alias_value=
ac_cv_env_target_alias_set=
ac_cv_env_target_alias_value=
ac_cv_func_strlcat=no
ac_cv_func_strlcpy=no
ac_cv_header_dlfcn_h=yes
ac_cv_header_inttypes_h=yes
ac_cv_header_memory_h=yes
ac_cv_header_stdc=yes
ac_cv_header_stdint_h=yes
ac_cv_header_stdlib_h=yes
ac_cv_header_string_h=yes
ac_cv_header_strings_h=yes
ac_cv_header_sys_stat_h=yes
ac_cv_header_sys_types_h=yes
ac_cv_header_unistd_h=yes
ac_cv_header_zlib_h=yes
ac_cv_host=x86_64-pc-linux-gnu
ac_cv_lib_z_inflate=yes
ac_cv_objext=o
ac_cv_path_EGREP='/bin/grep -E'
ac_cv_path_FGREP='/bin/grep -F'
ac_cv_path_GREP=/bin/grep
ac_cv_path_LCOV=/usr/bin/lcov
ac_cv_path_SED=/bin/sed
ac_cv_path_doxygen=/usr/bin/doxygen
ac_cv_path_install='/usr/bin/install -c'
ac_cv_path_lt_DD=/bin/dd
ac_cv_path_mkdir=/bin/mkdir
ac_cv_prog_AWK=mawk
ac_cv_prog_CPP='gcc -E'
ac_cv_prog_CXXCPP='g++ -E'
ac_cv_prog_ac_ct_AR=ar
ac_cv_prog_ac_ct_CC=gcc
ac_cv_prog_ac_ct_CXX=g++
ac_cv_prog_ac_ct_MANIFEST_TOOL=mt
ac_cv_prog_ac_ct_OBJDUMP=objdump
ac_cv_prog_ac_ct_RANLIB=ranlib
ac_cv_prog_ac_ct_STRIP=strip
ac_cv_prog_cc_c89=
ac_cv_prog_cc_g=yes
ac_cv_prog_cxx_g=yes
ac_cv_prog_make_make_set=yes
acl_cv_path_LD='/usr/bin/ld -m elf_x86_64'
acl_cv_prog_gnu_ld=yes
acl_cv_rpath=done
am_cv_CC_dependencies_compiler_type=gcc3
am_cv_CXX_dependencies_compiler_type=gcc3
am_cv_func_iconv=yes
am_cv_func_iconv_works=yes
am_cv_lib_iconv=no
am_cv_make_support_nested_variables=yes
am_cv_prog_cc_c_o=yes
am_cv_proto_iconv='extern size_t iconv (iconv_t cd, char * *inbuf, size_t *inbytesleft, char * *outbuf, size_t *outbytesleft);'
am_cv_proto_iconv_arg1=
lt_cv_ar_at_file=@
lt_cv_archive_cmds_need_lc=no
lt_cv_deplibs_check_method=pass_all
lt_cv_file_magic_cmd='$MAGIC_CMD'
lt_cv_file_magic_test_file=
lt_cv_ld_reload_flag=-r
lt_cv_nm_interface='BSD nm'
lt_cv_objdir=.libs
lt_cv_path_LD=/usr/bin/ld
lt_cv_path_LDCXX='/usr/bin/ld -m elf_x86_64'
lt_cv_path_NM='/usr/bin/nm -B'
lt_cv_path_mainfest_tool=no
lt_cv_prog_compiler_c_o=yes
lt_cv_prog_compiler_c_o_CXX=yes
lt_cv_prog_compiler_pic='-fPIC -DPIC'
lt_cv_prog_compiler_pic_CXX='-fPIC -DPIC'
lt_cv_prog_compiler_pic_works=yes
lt_cv_prog_compiler_pic_works_CXX=yes
lt_cv_prog_compiler_rtti_exceptions=no
lt_cv_prog_compiler_static_works=yes
lt_cv_prog_compiler_static_works_CXX=yes
lt_cv_prog_gnu_ld=yes
lt_cv_prog_gnu_ldcxx=yes
lt_cv_sharedlib_from_linklib_cmd='printf %s\n'
lt_cv_shlibpath_overrides_runpath=no
lt_cv_sys_global_symbol_pipe='sed -n -e '\''s/^.*[	 ]\([ABCDGIRSTW][ABCDGIRSTW]*\)[	 ][	 ]*\([_A-Za-z][_A-Za-z0-9]*\)$/\1 \2 \2/p'\'' | sed '\''/ __gnu_lto/d'\'''
lt_cv_sys_global_symbol_to_c_name_address='sed -n -e '\''s/^: \(.*\) .*$/  {"\1", (void *) 0},/p'\'' -e '\''s/^[ABCDGIRSTW][ABCDGIRSTW]* .* \(.*\)$/  {"\1", (void *) \&\1},/p'\'''
lt_cv_sys_global_symbol_to_c_name_address_lib_prefix='sed -n -e '\''s/^: \(.*\) .*$/  {"\1", (void *) 0},/p'\'' -e '\''s/^[ABCDGIRSTW][ABCDGIRSTW]* .* \(lib.*\)$/  {"\1", (void *) \&\1},/p'\'' -e '\''s/^[ABCDGIRSTW][ABCDGIRSTW]* .* \(.*\)$/  {"lib\1", (void *) \&\1},/p'\'''
lt_cv_sys_global_symbol_to_cdecl='sed -n -e '\''s/^T .* \(.*\)$/extern int \1();/p'\'' -e '\''s/^[ABCDGIRSTW][ABCDGIRSTW]* .* \(.*\)$/extern char \1;/p'\'''
lt_cv_sys_global_symbol_to_import=
lt_cv_sys_max_cmd_len=1572864
lt_cv_to_host_file_cmd=func_convert_file_noop
lt_cv_to_tool_file_cmd=func_convert_file_noop
lt_cv_truncate_bin='/bin/dd bs=4096 count=1'

## ----------------- ##
## Output variables. ##
## ----------------- ##

ACLOCAL='${SHELL} /home/tsihang/Source/suricata-4.0.4/libhtp/missing aclocal-1.15'
AMDEPBACKSLASH='\'
AMDEP_FALSE='#'
AMDEP_TRUE=''
AMTAR='$${TAR-tar}'
AM_BACKSLASH='\'
AM_DEFAULT_V='$(AM_DEFAULT_VERBOSITY)'
AM_DEFAULT_VERBOSITY='1'
AM_V='$(V)'
AR='ar'
AUTOCONF='${SHELL} /home/tsihang/Source/suricata-4.0.4/libhtp/missing autoconf'
AUTOHEADER='${SHELL} /home/tsihang/Source/suricata-4.0.4/libhtp/missing autoheader'
AUTOMAKE='${SHELL} /home/tsihang/Source/suricata-4.0.4/libhtp/missing automake-1.15'
AWK='mawk'
CC='gcc'
CCDEPMODE='depmode=gcc3'
CFLAGS=' -O2 -Wstrict-overflow=1 -fstack-protector -D_FORTIFY_SOURCE=2 -Wformat -Wformat-security -fPIC'
CPP='gcc -E'
CPPFLAGS=' -O2'
CXX='g++'
CXXCPP='g++ -E'
CXXDEPMODE='depmode=gcc3'
CXXFLAGS='-g -O2'
CYGPATH_W='echo'
DEFS='-DHAVE_CONFIG_H'
DEPDIR='.deps'
DLLTOOL='false'
DOXYGEN='/usr/bin/doxygen'
DSYMUTIL=''
DUMPBIN=''
ECHO_C=''
ECHO_N='-n'
ECHO_T=''
EGREP='/bin/grep -E'
EXEEXT=''
FGREP='/bin/grep -F'
GENERIC_LIBRARY_NAME='htp'
GENERIC_LIBRARY_VERSION='2:0:0'
GENERIC_RELEASE='0.5.26'
GENERIC_VERSION='0.5.26'
GREP='/bin/grep'
INSTALL_DATA='${INSTALL} -m 644'
INSTALL_PROGRAM='${INSTALL}'
INSTALL_SCRIPT='${INSTALL}'
INSTALL_STRIP_PROGRAM='$(install_sh) -c -s'
LCOV='/usr/bin/lcov'
LD='/usr/bin/ld -m elf_x86_64'
LDFLAGS=''
LIBICONV=''
LIBOBJS=''
LIBS='-lz '
LIBTOOL='$(SHELL) $(top_builddir)/libtool'
LIPO=''
LN_S='ln -s'
LTLIBICONV=''
LTLIBOBJS=''
LT_SYS_LIBRARY_PATH=''
MAKEINFO='${SHELL} /home/tsihang/Source/suricata-4.0.4/libhtp/missing makeinfo'
MANIFEST_TOOL=':'
MKDIR_P='/bin/mkdir -p'
NM='/usr/bin/nm -B'
NMEDIT=''
OBJDUMP='objdump'
OBJEXT='o'
OTOOL64=''
OTOOL=''
PACKAGE='htp'
PACKAGE_BUGREPORT=''
PACKAGE_NAME='LibHTP'
PACKAGE_STRING='LibHTP 0.5.26'
PACKAGE_TARNAME='libhtp'
PACKAGE_URL=''
PACKAGE_VERSION='0.5.26'
PATH_SEPARATOR=':'
RANLIB='ranlib'
SED='/bin/sed'
SET_MAKE=''
SHELL='/bin/bash'
STRIP='strip'
VERSION='0.5.26'
ac_ct_AR='ar'
ac_ct_CC='gcc'
ac_ct_CXX='g++'
ac_ct_DUMPBIN=''
am__EXEEXT_FALSE=''
am__EXEEXT_TRUE='#'
am__fastdepCC_FALSE='#'
am__fastdepCC_TRUE=''
am__fastdepCXX_FALSE='#'
am__fastdepCXX_TRUE=''
am__include='include'
am__isrc=''
am__leading_dot='.'
am__nodep='_no'
am__quote=''
am__tar='$${TAR-tar} chof - "$$tardir"'
am__untar='$${TAR-tar} xf -'
bindir='${exec_prefix}/bin'
build='x86_64-pc-linux-gnu'
build_alias=''
build_cpu='x86_64'
build_os='linux-gnu'
build_vendor='pc'
datadir='${datarootdir}'
datarootdir='${prefix}/share'
docdir='${datarootdir}/doc/${PACKAGE_TARNAME}'
doxygen='/usr/bin/doxygen'
dvidir='${docdir}'
exec_prefix='${prefix}'
host='x86_64-pc-linux-gnu'
host_alias=''
host_cpu='x86_64'
host_os='linux-gnu'
host_vendor='pc'
htmldir='${docdir}'
includedir='${prefix}/include'
infodir='${datarootdir}/info'
install_sh='${SHELL} /home/tsihang/Source/suricata-4.0.4/libhtp/install-sh'
libdir='${exec_prefix}/lib'
libexecdir='${exec_prefix}/libexec'
localedir='${datarootdir}/locale'
localstatedir='${prefix}/var'
mandir='${datarootdir}/man'
mkdir_p='$(MKDIR_P)'
oldincludedir='/usr/include'
pdfdir='${docdir}'
prefix='/usr/local'
program_transform_name='s,x,x,'
psdir='${docdir}'
runstatedir='${localstatedir}/run'
sbindir='${exec_prefix}/sbin'
sharedstatedir='${prefix}/com'
sysconfdir='${prefix}/etc'
target_alias=''

## ----------- ##
## confdefs.h. ##
## ----------- ##

/* confdefs.h */
#define PACKAGE_NAME "LibHTP"
#define PACKAGE_TARNAME "libhtp"
#define PACKAGE_VERSION "0.5.26"
#define PACKAGE_STRING "LibHTP 0.5.26"
#define PACKAGE_BUGREPORT ""
#define PACKAGE_URL ""
#define PACKAGE "libhtp"
#define VERSION "0.5.26"
#define STDC_HEADERS 1
#define HAVE_SYS_TYPES_H 1
#define HAVE_SYS_STAT_H 1
#define HAVE_STDLIB_H 1
#define HAVE_STRING_H 1
#define HAVE_MEMORY_H 1
#define HAVE_STRINGS_H 1
#define HAVE_INTTYPES_H 1
#define HAVE_STDINT_H 1
#define HAVE_UNISTD_H 1
#define HAVE_DLFCN_H 1
#define LT_OBJDIR ".libs/"
#define HAVE_LIBZ 1
#define HAVE_ICONV 1
#define ICONV_CONST 

configure: exit 0

## ---------------------- ##
## Running config.status. ##
## ---------------------- ##

This file was extended by LibHTP config.status 0.5.26, which was
generated by GNU Autoconf 2.69.  Invocation command line was

  CONFIG_FILES    = 
  CONFIG_HEADERS  = 
  CONFIG_LINKS    = 
  CONFIG_COMMANDS = 
  $ ./config.status 

on vm-desktop

config.status:1164: creating htp/htp_version.h
config.status:1164: creating Makefile
config.status:1164: creating htp.pc
config.status:1164: creating htp/Makefile
config.status:1164: creating test/Makefile
config.status:1164: creating docs/Makefile
config.status:1164: creating htp_config_auto_gen.h
config.status:1345: htp_config_auto_gen.h is unchanged
config.status:1393: executing depfiles commands
config.status:1393: executing libtool commands
